<?xml version="1.0" encoding="UTF-8" ?>
<testsuite tests="4" failures="0" name="edu.jamesmarrese.advancedjava.TestDatabaseUtils" time="0.012" errors="3" skipped="0">
  <properties>
[...]
</properties>
  <testcase classname="edu.jamesmarrese.advancedjava.TestDatabaseUtils" name="testBadInitFile" time="0.009"/>
  <testcase classname="edu.jamesmarrese.advancedjava.TestDatabaseUtils" name="testGoodInitFile" time="0">
    <error message="Could not initialize db because of:Could not connection to database.The url cannot be null" type="edu.jamesmarrese.advancedjava.util.DatabaseInitializationException">edu.jamesmarrese.advancedjava.util.DatabaseInitializationException: Could not initialize db because of:Could not connection to database.The url cannot be null
	at edu.jamesmarrese.advancedjava.util.DatabaseUtils.initializeDatabase(DatabaseUtils.java:109)
	at edu.jamesmarrese.advancedjava.TestDatabaseUtils.testGoodInitFile(TestDatabaseUtils.java:25)
	at sun.reflect.NativeMethodAccessorImpl.invoke0(Native Method)
	at sun.reflect.NativeMethodAccessorImpl.invoke(NativeMethodAccessorImpl.java:62)
	at sun.reflect.DelegatingMethodAccessorImpl.invoke(DelegatingMethodAccessorImpl.java:43)
	at java.lang.reflect.Method.invoke(Method.java:498)
	at org.junit.runners.model.FrameworkMethod$1.runReflectiveCall(FrameworkMethod.java:45)
	at org.junit.internal.runners.model.ReflectiveCallable.run(ReflectiveCallable.java:15)
	at org.junit.runners.model.FrameworkMethod.invokeExplosively(FrameworkMethod.java:42)
	at org.junit.internal.runners.statements.InvokeMethod.evaluate(InvokeMethod.java:20)
	at org.junit.runners.ParentRunner.runLeaf(ParentRunner.java:263)
	at org.junit.runners.BlockJUnit4ClassRunner.runChild(BlockJUnit4ClassRunner.java:68)
	at org.junit.runners.BlockJUnit4ClassRunner.runChild(BlockJUnit4ClassRunner.java:47)
	at org.junit.runners.ParentRunner$3.run(ParentRunner.java:231)
	at org.junit.runners.ParentRunner$1.schedule(ParentRunner.java:60)
	at org.junit.runners.ParentRunner.runChildren(ParentRunner.java:229)
	at org.junit.runners.ParentRunner.access$000(ParentRunner.java:50)
	at org.junit.runners.ParentRunner$2.evaluate(ParentRunner.java:222)
	at org.junit.runners.ParentRunner.run(ParentRunner.java:300)
	at org.apache.maven.surefire.junit4.JUnit4Provider.execute(JUnit4Provider.java:252)
	at org.apache.maven.surefire.junit4.JUnit4Provider.executeTestSet(JUnit4Provider.java:141)
	at org.apache.maven.surefire.junit4.JUnit4Provider.invoke(JUnit4Provider.java:112)
	at sun.reflect.NativeMethodAccessorImpl.invoke0(Native Method)
	at sun.reflect.NativeMethodAccessorImpl.invoke(NativeMethodAccessorImpl.java:62)
	at sun.reflect.DelegatingMethodAccessorImpl.invoke(DelegatingMethodAccessorImpl.java:43)
	at java.lang.reflect.Method.invoke(Method.java:498)
	at org.apache.maven.surefire.util.ReflectionUtils.invokeMethodWithArray(ReflectionUtils.java:189)
	at org.apache.maven.surefire.booter.ProviderFactory$ProviderProxy.invoke(ProviderFactory.java:165)
	at org.apache.maven.surefire.booter.ProviderFactory.invokeProvider(ProviderFactory.java:85)
	at org.apache.maven.surefire.booter.ForkedBooter.runSuitesInProcess(ForkedBooter.java:115)
	at org.apache.maven.surefire.booter.ForkedBooter.main(ForkedBooter.java:75)
Caused by: edu.jamesmarrese.advancedjava.util.DatabaseConnectionException: Could not connection to database.The url cannot be null
	at edu.jamesmarrese.advancedjava.util.DatabaseUtils.getConnection(DatabaseUtils.java:80)
	at edu.jamesmarrese.advancedjava.util.DatabaseUtils.initializeDatabase(DatabaseUtils.java:95)
	... 30 more
Caused by: java.sql.SQLException: The url cannot be null
	at java.sql.DriverManager.getConnection(DriverManager.java:649)
	at java.sql.DriverManager.getConnection(DriverManager.java:247)
	at edu.jamesmarrese.advancedjava.util.DatabaseUtils.getConnection(DatabaseUtils.java:76)
	... 31 more
</error>
  </testcase>
  <testcase classname="edu.jamesmarrese.advancedjava.TestDatabaseUtils" name="testGetConnectionWorks" time="0">
    <error message="Could not initialize db because of:Could not connection to database.The url cannot be null" type="edu.jamesmarrese.advancedjava.util.DatabaseInitializationException">edu.jamesmarrese.advancedjava.util.DatabaseInitializationException: Could not initialize db because of:Could not connection to database.The url cannot be null
	at edu.jamesmarrese.advancedjava.util.DatabaseUtils.initializeDatabase(DatabaseUtils.java:109)
	at edu.jamesmarrese.advancedjava.TestDatabaseUtils.testGetConnectionWorks(TestDatabaseUtils.java:41)
	at sun.reflect.NativeMethodAccessorImpl.invoke0(Native Method)
	at sun.reflect.NativeMethodAccessorImpl.invoke(NativeMethodAccessorImpl.java:62)
	at sun.reflect.DelegatingMethodAccessorImpl.invoke(DelegatingMethodAccessorImpl.java:43)
	at java.lang.reflect.Method.invoke(Method.java:498)
	at org.junit.runners.model.FrameworkMethod$1.runReflectiveCall(FrameworkMethod.java:45)
	at org.junit.internal.runners.model.ReflectiveCallable.run(ReflectiveCallable.java:15)
	at org.junit.runners.model.FrameworkMethod.invokeExplosively(FrameworkMethod.java:42)
	at org.junit.internal.runners.statements.InvokeMethod.evaluate(InvokeMethod.java:20)
	at org.junit.runners.ParentRunner.runLeaf(ParentRunner.java:263)
	at org.junit.runners.BlockJUnit4ClassRunner.runChild(BlockJUnit4ClassRunner.java:68)
	at org.junit.runners.BlockJUnit4ClassRunner.runChild(BlockJUnit4ClassRunner.java:47)
	at org.junit.runners.ParentRunner$3.run(ParentRunner.java:231)
	at org.junit.runners.ParentRunner$1.schedule(ParentRunner.java:60)
	at org.junit.runners.ParentRunner.runChildren(ParentRunner.java:229)
	at org.junit.runners.ParentRunner.access$000(ParentRunner.java:50)
	at org.junit.runners.ParentRunner$2.evaluate(ParentRunner.java:222)
	at org.junit.runners.ParentRunner.run(ParentRunner.java:300)
	at org.apache.maven.surefire.junit4.JUnit4Provider.execute(JUnit4Provider.java:252)
	at org.apache.maven.surefire.junit4.JUnit4Provider.executeTestSet(JUnit4Provider.java:141)
	at org.apache.maven.surefire.junit4.JUnit4Provider.invoke(JUnit4Provider.java:112)
	at sun.reflect.NativeMethodAccessorImpl.invoke0(Native Method)
	at sun.reflect.NativeMethodAccessorImpl.invoke(NativeMethodAccessorImpl.java:62)
	at sun.reflect.DelegatingMethodAccessorImpl.invoke(DelegatingMethodAccessorImpl.java:43)
	at java.lang.reflect.Method.invoke(Method.java:498)
	at org.apache.maven.surefire.util.ReflectionUtils.invokeMethodWithArray(ReflectionUtils.java:189)
	at org.apache.maven.surefire.booter.ProviderFactory$ProviderProxy.invoke(ProviderFactory.java:165)
	at org.apache.maven.surefire.booter.ProviderFactory.invokeProvider(ProviderFactory.java:85)
	at org.apache.maven.surefire.booter.ForkedBooter.runSuitesInProcess(ForkedBooter.java:115)
	at org.apache.maven.surefire.booter.ForkedBooter.main(ForkedBooter.java:75)
Caused by: edu.jamesmarrese.advancedjava.util.DatabaseConnectionException: Could not connection to database.The url cannot be null
	at edu.jamesmarrese.advancedjava.util.DatabaseUtils.getConnection(DatabaseUtils.java:80)
	at edu.jamesmarrese.advancedjava.util.DatabaseUtils.initializeDatabase(DatabaseUtils.java:95)
	... 30 more
Caused by: java.sql.SQLException: The url cannot be null
	at java.sql.DriverManager.getConnection(DriverManager.java:649)
	at java.sql.DriverManager.getConnection(DriverManager.java:247)
	at edu.jamesmarrese.advancedjava.util.DatabaseUtils.getConnection(DatabaseUtils.java:76)
	... 31 more
</error>
  </testcase>
  <testcase classname="edu.jamesmarrese.advancedjava.TestDatabaseUtils" name="testGetConnection" time="0.003">
    <error message="Could not connection to database.The url cannot be null" type="edu.jamesmarrese.advancedjava.util.DatabaseConnectionException">edu.jamesmarrese.advancedjava.util.DatabaseConnectionException: Could not connection to database.The url cannot be null
	at edu.jamesmarrese.advancedjava.util.DatabaseUtils.getConnection(DatabaseUtils.java:80)
	at edu.jamesmarrese.advancedjava.TestDatabaseUtils.testGetConnection(TestDatabaseUtils.java:35)
	at sun.reflect.NativeMethodAccessorImpl.invoke0(Native Method)
	at sun.reflect.NativeMethodAccessorImpl.invoke(NativeMethodAccessorImpl.java:62)
	at sun.reflect.DelegatingMethodAccessorImpl.invoke(DelegatingMethodAccessorImpl.java:43)
	at java.lang.reflect.Method.invoke(Method.java:498)
	at org.junit.runners.model.FrameworkMethod$1.runReflectiveCall(FrameworkMethod.java:45)
	at org.junit.internal.runners.model.ReflectiveCallable.run(ReflectiveCallable.java:15)
	at org.junit.runners.model.FrameworkMethod.invokeExplosively(FrameworkMethod.java:42)
	at org.junit.internal.runners.statements.InvokeMethod.evaluate(InvokeMethod.java:20)
	at org.junit.runners.ParentRunner.runLeaf(ParentRunner.java:263)
	at org.junit.runners.BlockJUnit4ClassRunner.runChild(BlockJUnit4ClassRunner.java:68)
	at org.junit.runners.BlockJUnit4ClassRunner.runChild(BlockJUnit4ClassRunner.java:47)
	at org.junit.runners.ParentRunner$3.run(ParentRunner.java:231)
	at org.junit.runners.ParentRunner$1.schedule(ParentRunner.java:60)
	at org.junit.runners.ParentRunner.runChildren(ParentRunner.java:229)
	at org.junit.runners.ParentRunner.access$000(ParentRunner.java:50)
	at org.junit.runners.ParentRunner$2.evaluate(ParentRunner.java:222)
	at org.junit.runners.ParentRunner.run(ParentRunner.java:300)
	at org.apache.maven.surefire.junit4.JUnit4Provider.execute(JUnit4Provider.java:252)
	at org.apache.maven.surefire.junit4.JUnit4Provider.executeTestSet(JUnit4Provider.java:141)
	at org.apache.maven.surefire.junit4.JUnit4Provider.invoke(JUnit4Provider.java:112)
	at sun.reflect.NativeMethodAccessorImpl.invoke0(Native Method)
	at sun.reflect.NativeMethodAccessorImpl.invoke(NativeMethodAccessorImpl.java:62)
	at sun.reflect.DelegatingMethodAccessorImpl.invoke(DelegatingMethodAccessorImpl.java:43)
	at java.lang.reflect.Method.invoke(Method.java:498)
	at org.apache.maven.surefire.util.ReflectionUtils.invokeMethodWithArray(ReflectionUtils.java:189)
	at org.apache.maven.surefire.booter.ProviderFactory$ProviderProxy.invoke(ProviderFactory.java:165)
	at org.apache.maven.surefire.booter.ProviderFactory.invokeProvider(ProviderFactory.java:85)
	at org.apache.maven.surefire.booter.ForkedBooter.runSuitesInProcess(ForkedBooter.java:115)
	at org.apache.maven.surefire.booter.ForkedBooter.main(ForkedBooter.java:75)
Caused by: java.sql.SQLException: The url cannot be null
	at java.sql.DriverManager.getConnection(DriverManager.java:649)
	at java.sql.DriverManager.getConnection(DriverManager.java:247)
	at edu.jamesmarrese.advancedjava.util.DatabaseUtils.getConnection(DatabaseUtils.java:76)
	... 30 more
</error>
  </testcase>
</testsuite>